<?xml version="1.0" encoding="utf-8"?>
<TestRun id="f7164a10-6df4-4de6-bab2-cb5902bbadb2" name="hussamun@CRLHV-PRET15 2022-10-05 14:20:25" runUser="CONTOURSOFTWARE\hussamun" xmlns="http://microsoft.com/schemas/VisualStudio/TeamTest/2010">
  <Times creation="2022-10-05T14:20:25.7282447+05:00" queuing="2022-10-05T14:20:25.7282447+05:00" start="2022-10-05T14:19:53.6950324+05:00" finish="2022-10-05T14:23:11.8511611+05:00" />
  <TestSettings name="default" id="5c286608-d234-4d0d-9085-6bdebf10127e">
    <Deployment runDeploymentRoot="hussamun_CRLHV-PRET15_2022-10-05_14_20_25" />
  </TestSettings>
  <Results>
    <UnitTestResult executionId="aa67b460-2c79-4ced-96e1-8365efd951f8" testId="a1c321a1-9db5-4cf2-8c77-29de6c501724" testName="Valid_Login" computerName="CRLHV-PRET15" duration="00:00:26.7744738" startTime="2022-10-05T14:20:25.6382438+05:00" endTime="2022-10-05T14:20:52.4149389+05:00" testType="13cdc9d9-ddb5-4fa4-a97d-d965ccfc6d4b" outcome="Passed" testListId="8c84fa94-04c1-424b-9868-57a2d4851a1d" relativeResultsDirectory="aa67b460-2c79-4ced-96e1-8365efd951f8" />
    <UnitTestResult executionId="664509f7-f775-447a-8735-ddb5323c0e85" testId="8cd2bd8c-7384-4041-b7f4-945c10b264f9" testName="validAdtocartt" computerName="CRLHV-PRET15" duration="00:00:19.0581922" startTime="2022-10-05T14:22:52.5441558+05:00" endTime="2022-10-05T14:23:11.6063887+05:00" testType="13cdc9d9-ddb5-4fa4-a97d-d965ccfc6d4b" outcome="Failed" testListId="8c84fa94-04c1-424b-9868-57a2d4851a1d" relativeResultsDirectory="664509f7-f775-447a-8735-ddb5323c0e85">
      <Output>
        <ErrorInfo>
          <Message>Test method ServisShoesProject.ServisShoes.AddtoCart.Validaddtocart.validAdtocartt threw exception: &#xD;
OpenQA.Selenium.ElementNotInteractableException: element not interactable
  (Session info: chrome=106.0.5249.91)</Message>
          <StackTrace>    at OpenQA.Selenium.WebDriver.UnpackAndThrowOnError(Response errorResponse, String commandToExecute)&#xD;
   at OpenQA.Selenium.WebDriver.Execute(String driverCommandToExecute, Dictionary`2 parameters)&#xD;
   at OpenQA.Selenium.WebDriver.InternalExecute(String driverCommandToExecute, Dictionary`2 parameters)&#xD;
   at OpenQA.Selenium.WebElement.Execute(String commandToExecute, Dictionary`2 parameters)&#xD;
   at OpenQA.Selenium.WebElement.Click()&#xD;
   at ServisShoesProject.ServisShoes.Login.Basepage.Click(By by) in C:\Users\hussamun\source\repos\ServisShoesProject\ServisShoesProject\Basepage.cs:line 46&#xD;
   at ServisShoesProject.ServisShoes.AddtoCart.Validaddtocart.adtocart(String city, String desc, String citywt, String mail, String faname, String lanme, String Addresss, String aprtment, String postalcode, String phoneno) in C:\Users\hussamun\source\repos\ServisShoesProject\ServisShoesProject\ServisShoes\AddtoCart\Validaddtocart.cs:line 50&#xD;
   at ServisShoesProject.ServisShoes.AddtoCart.Validaddtocart.validAdtocartt() in C:\Users\hussamun\source\repos\ServisShoesProject\ServisShoesProject\ServisShoes\AddtoCart\Validaddtocart.cs:line 81&#xD;
</StackTrace>
        </ErrorInfo>
      </Output>
    </UnitTestResult>
    <UnitTestResult executionId="4e6e9399-5527-4cd3-abdc-85a4ef490b7c" testId="81fc75ba-3256-4cf3-903b-69f271887a29" testName="forgotPassword" computerName="CRLHV-PRET15" duration="00:00:08.4521984" startTime="2022-10-05T14:21:04.6506876+05:00" endTime="2022-10-05T14:21:13.1038035+05:00" testType="13cdc9d9-ddb5-4fa4-a97d-d965ccfc6d4b" outcome="Passed" testListId="8c84fa94-04c1-424b-9868-57a2d4851a1d" relativeResultsDirectory="4e6e9399-5527-4cd3-abdc-85a4ef490b7c" />
    <UnitTestResult executionId="b6b2a98f-fcbe-41be-b39b-2d39d5171987" testId="ce8daab7-046b-440f-9354-aaafa50680c4" testName="forgotPassword" computerName="CRLHV-PRET15" duration="00:00:12.2320086" startTime="2022-10-05T14:20:52.4169353+05:00" endTime="2022-10-05T14:21:04.6496855+05:00" testType="13cdc9d9-ddb5-4fa4-a97d-d965ccfc6d4b" outcome="Passed" testListId="8c84fa94-04c1-424b-9868-57a2d4851a1d" relativeResultsDirectory="b6b2a98f-fcbe-41be-b39b-2d39d5171987" />
    <UnitTestResult executionId="f6e00d2a-bc69-4a6d-87c0-753ffcdcc439" testId="038f0b2a-62e8-4262-8b17-63373c8f2b23" testName="InvalidLogin" computerName="CRLHV-PRET15" duration="00:00:27.3330348" startTime="2022-10-05T14:19:57.7835342+05:00" endTime="2022-10-05T14:20:25.5742203+05:00" testType="13cdc9d9-ddb5-4fa4-a97d-d965ccfc6d4b" outcome="Passed" testListId="8c84fa94-04c1-424b-9868-57a2d4851a1d" relativeResultsDirectory="f6e00d2a-bc69-4a6d-87c0-753ffcdcc439" />
    <UnitTestResult executionId="4cc52a86-9316-4f16-99e2-90898ee26255" testId="6458fe5b-0f0e-4af6-9994-237d9f19ae44" testName="invalidAdtocartt" computerName="CRLHV-PRET15" duration="00:01:39.4439469" startTime="2022-10-05T14:21:13.1048040+05:00" endTime="2022-10-05T14:22:52.5441558+05:00" testType="13cdc9d9-ddb5-4fa4-a97d-d965ccfc6d4b" outcome="Failed" testListId="8c84fa94-04c1-424b-9868-57a2d4851a1d" relativeResultsDirectory="4cc52a86-9316-4f16-99e2-90898ee26255">
      <Output>
        <ErrorInfo>
          <Message>Test method ServisShoesProject.ServisShoes.AddtoCart.InValidaddtocart.invalidAdtocartt threw exception: &#xD;
OpenQA.Selenium.WebDriverException: The HTTP request to the remote WebDriver server for URL http://localhost:52509/session/a28ac335985601eaea231ee2bfe18a4c/element timed out after 60 seconds. ---&gt; System.Threading.Tasks.TaskCanceledException: A task was canceled.</Message>
          <StackTrace>    at System.Runtime.CompilerServices.TaskAwaiter.ThrowForNonSuccess(Task task)&#xD;
   at System.Runtime.CompilerServices.TaskAwaiter.HandleNonSuccessAndDebuggerNotification(Task task)&#xD;
   at System.Runtime.CompilerServices.TaskAwaiter`1.GetResult()&#xD;
   at OpenQA.Selenium.Remote.HttpCommandExecutor.&lt;MakeHttpRequest&gt;d__35.MoveNext()&#xD;
--- End of stack trace from previous location where exception was thrown ---&#xD;
   at System.Runtime.CompilerServices.TaskAwaiter.ThrowForNonSuccess(Task task)&#xD;
   at System.Runtime.CompilerServices.TaskAwaiter.HandleNonSuccessAndDebuggerNotification(Task task)&#xD;
   at System.Runtime.CompilerServices.TaskAwaiter`1.GetResult()&#xD;
   at OpenQA.Selenium.Remote.HttpCommandExecutor.Execute(Command commandToExecute)&#xD;
--- End of inner exception stack trace ---&#xD;
    at OpenQA.Selenium.Remote.HttpCommandExecutor.Execute(Command commandToExecute)&#xD;
   at OpenQA.Selenium.Remote.DriverServiceCommandExecutor.Execute(Command commandToExecute)&#xD;
   at OpenQA.Selenium.WebDriver.Execute(String driverCommandToExecute, Dictionary`2 parameters)&#xD;
   at OpenQA.Selenium.WebDriver.FindElement(String mechanism, String value)&#xD;
   at OpenQA.Selenium.By.&lt;.ctor&gt;b__11_0(ISearchContext context)&#xD;
   at OpenQA.Selenium.By.FindElement(ISearchContext context)&#xD;
   at OpenQA.Selenium.WebDriver.FindElement(By by)&#xD;
   at ServisShoesProject.ServisShoes.Login.Basepage.Click(By by) in C:\Users\hussamun\source\repos\ServisShoesProject\ServisShoesProject\Basepage.cs:line 46&#xD;
   at ServisShoesProject.ServisShoes.AddtoCart.InValidaddtocart.adtocart(String city, String desc, String citywt, String mail, String faname, String lanme, String Addresss, String aprtment, String postalcode, String phoneno) in C:\Users\hussamun\source\repos\ServisShoesProject\ServisShoesProject\ServisShoes\AddtoCart\Invalidaddtocart.cs:line 64&#xD;
   at ServisShoesProject.ServisShoes.AddtoCart.InValidaddtocart.invalidAdtocartt() in C:\Users\hussamun\source\repos\ServisShoesProject\ServisShoesProject\ServisShoes\AddtoCart\Invalidaddtocart.cs:line 80&#xD;
</StackTrace>
        </ErrorInfo>
      </Output>
    </UnitTestResult>
  </Results>
  <TestDefinitions>
    <UnitTest name="forgotPassword" storage="c:\users\hussamun\source\repos\servisshoesproject\servisshoesproject\bin\debug\servisshoesproject.dll" id="81fc75ba-3256-4cf3-903b-69f271887a29">
      <Execution id="4e6e9399-5527-4cd3-abdc-85a4ef490b7c" />
      <TestMethod codeBase="C:\Users\hussamun\source\repos\ServisShoesProject\ServisShoesProject\bin\Debug\ServisShoesProject.dll" adapterTypeName="executor://mstestadapter/v2" className="ServisShoesProject.ServisShoes.ForgotPassword.InvalidforgotPasswrod" name="forgotPassword" />
    </UnitTest>
    <UnitTest name="Valid_Login" storage="c:\users\hussamun\source\repos\servisshoesproject\servisshoesproject\bin\debug\servisshoesproject.dll" id="a1c321a1-9db5-4cf2-8c77-29de6c501724">
      <Execution id="aa67b460-2c79-4ced-96e1-8365efd951f8" />
      <TestMethod codeBase="C:\Users\hussamun\source\repos\ServisShoesProject\ServisShoesProject\bin\Debug\ServisShoesProject.dll" adapterTypeName="executor://mstestadapter/v2" className="ServisShoesProject.ServisShoes.Login.ValidLogin" name="Valid_Login" />
    </UnitTest>
    <UnitTest name="invalidAdtocartt" storage="c:\users\hussamun\source\repos\servisshoesproject\servisshoesproject\bin\debug\servisshoesproject.dll" id="6458fe5b-0f0e-4af6-9994-237d9f19ae44">
      <Execution id="4cc52a86-9316-4f16-99e2-90898ee26255" />
      <TestMethod codeBase="C:\Users\hussamun\source\repos\ServisShoesProject\ServisShoesProject\bin\Debug\ServisShoesProject.dll" adapterTypeName="executor://mstestadapter/v2" className="ServisShoesProject.ServisShoes.AddtoCart.InValidaddtocart" name="invalidAdtocartt" />
    </UnitTest>
    <UnitTest name="validAdtocartt" storage="c:\users\hussamun\source\repos\servisshoesproject\servisshoesproject\bin\debug\servisshoesproject.dll" id="8cd2bd8c-7384-4041-b7f4-945c10b264f9">
      <Execution id="664509f7-f775-447a-8735-ddb5323c0e85" />
      <TestMethod codeBase="C:\Users\hussamun\source\repos\ServisShoesProject\ServisShoesProject\bin\Debug\ServisShoesProject.dll" adapterTypeName="executor://mstestadapter/v2" className="ServisShoesProject.ServisShoes.AddtoCart.Validaddtocart" name="validAdtocartt" />
    </UnitTest>
    <UnitTest name="forgotPassword" storage="c:\users\hussamun\source\repos\servisshoesproject\servisshoesproject\bin\debug\servisshoesproject.dll" id="ce8daab7-046b-440f-9354-aaafa50680c4">
      <Execution id="b6b2a98f-fcbe-41be-b39b-2d39d5171987" />
      <TestMethod codeBase="C:\Users\hussamun\source\repos\ServisShoesProject\ServisShoesProject\bin\Debug\ServisShoesProject.dll" adapterTypeName="executor://mstestadapter/v2" className="ServisShoesProject.ServisShoes.ForgotPassword.Validforgotpasspage" name="forgotPassword" />
    </UnitTest>
    <UnitTest name="InvalidLogin" storage="c:\users\hussamun\source\repos\servisshoesproject\servisshoesproject\bin\debug\servisshoesproject.dll" id="038f0b2a-62e8-4262-8b17-63373c8f2b23">
      <Execution id="f6e00d2a-bc69-4a6d-87c0-753ffcdcc439" />
      <TestMethod codeBase="C:\Users\hussamun\source\repos\ServisShoesProject\ServisShoesProject\bin\Debug\ServisShoesProject.dll" adapterTypeName="executor://mstestadapter/v2" className="ServisShoesProject.ServisShoes.Login.InValidLogin" name="InvalidLogin" />
    </UnitTest>
  </TestDefinitions>
  <TestEntries>
    <TestEntry testId="a1c321a1-9db5-4cf2-8c77-29de6c501724" executionId="aa67b460-2c79-4ced-96e1-8365efd951f8" testListId="8c84fa94-04c1-424b-9868-57a2d4851a1d" />
    <TestEntry testId="8cd2bd8c-7384-4041-b7f4-945c10b264f9" executionId="664509f7-f775-447a-8735-ddb5323c0e85" testListId="8c84fa94-04c1-424b-9868-57a2d4851a1d" />
    <TestEntry testId="81fc75ba-3256-4cf3-903b-69f271887a29" executionId="4e6e9399-5527-4cd3-abdc-85a4ef490b7c" testListId="8c84fa94-04c1-424b-9868-57a2d4851a1d" />
    <TestEntry testId="ce8daab7-046b-440f-9354-aaafa50680c4" executionId="b6b2a98f-fcbe-41be-b39b-2d39d5171987" testListId="8c84fa94-04c1-424b-9868-57a2d4851a1d" />
    <TestEntry testId="038f0b2a-62e8-4262-8b17-63373c8f2b23" executionId="f6e00d2a-bc69-4a6d-87c0-753ffcdcc439" testListId="8c84fa94-04c1-424b-9868-57a2d4851a1d" />
    <TestEntry testId="6458fe5b-0f0e-4af6-9994-237d9f19ae44" executionId="4cc52a86-9316-4f16-99e2-90898ee26255" testListId="8c84fa94-04c1-424b-9868-57a2d4851a1d" />
  </TestEntries>
  <TestLists>
    <TestList name="Results Not in a List" id="8c84fa94-04c1-424b-9868-57a2d4851a1d" />
    <TestList name="All Loaded Results" id="19431567-8539-422a-85d7-44ee4e166bda" />
  </TestLists>
  <ResultSummary outcome="Failed">
    <Counters total="6" executed="6" passed="4" failed="2" error="0" timeout="0" aborted="0" inconclusive="0" passedButRunAborted="0" notRunnable="0" notExecuted="0" disconnected="0" warning="0" completed="0" inProgress="0" pending="0" />
  </ResultSummary>
</TestRun>